<?xml version="1.0" encoding="UTF-8"?>
<testng-results ignored="0" total="2" passed="2" failed="0" skipped="0">
  <reporter-output>
  </reporter-output>
  <suite started-at="2023-03-29T20:39:47 ICT" name="Suite" finished-at="2023-03-29T20:40:31 ICT" duration-ms="44315">
    <groups>
    </groups>
    <test started-at="2023-03-29T20:39:47 ICT" name="Test" finished-at="2023-03-29T20:40:31 ICT" duration-ms="44315">
      <class name="BinhStudy.SeleniumFramework.tests.TestScript1">
        <test-method is-config="true" signature="launchApplication()[pri:0, instance:BinhStudy.SeleniumFramework.tests.TestScript1@543588e6]" started-at="2023-03-29T20:39:47 ICT" name="launchApplication" finished-at="2023-03-29T20:40:04 ICT" duration-ms="17374" status="PASS">
          <reporter-output>
          </reporter-output>
        </test-method> <!-- launchApplication -->
        <test-method signature="loginValidation(java.util.HashMap)[pri:0, instance:BinhStudy.SeleniumFramework.tests.TestScript1@543588e6]" started-at="2023-03-29T20:40:04 ICT" name="loginValidation" data-provider="getData" finished-at="2023-03-29T20:40:14 ICT" duration-ms="9725" status="PASS">
          <params>
            <param index="0">
              <value>
                <![CDATA[{password=demoadmin, email=admin@phptravels.com}]]>
              </value>
            </param>
          </params>
          <reporter-output>
          </reporter-output>
        </test-method> <!-- loginValidation -->
        <test-method is-config="true" signature="tearDown()[pri:0, instance:BinhStudy.SeleniumFramework.tests.TestScript1@543588e6]" started-at="2023-03-29T20:40:14 ICT" name="tearDown" finished-at="2023-03-29T20:40:23 ICT" duration-ms="9102" status="PASS">
          <reporter-output>
          </reporter-output>
        </test-method> <!-- tearDown -->
      </class> <!-- BinhStudy.SeleniumFramework.tests.TestScript1 -->
      <class name="BinhStudy.SeleniumFramework.tests.TestScript2">
        <test-method is-config="true" signature="launchApplication()[pri:0, instance:BinhStudy.SeleniumFramework.tests.TestScript2@12aba8be]" started-at="2023-03-29T20:40:23 ICT" name="launchApplication" finished-at="2023-03-29T20:40:30 ICT" duration-ms="6387" status="PASS">
          <reporter-output>
          </reporter-output>
        </test-method> <!-- launchApplication -->
        <test-method signature="loginPlaceholderValidation()[pri:0, instance:BinhStudy.SeleniumFramework.tests.TestScript2@12aba8be]" started-at="2023-03-29T20:40:30 ICT" name="loginPlaceholderValidation" finished-at="2023-03-29T20:40:30 ICT" duration-ms="470" status="PASS">
          <reporter-output>
          </reporter-output>
        </test-method> <!-- loginPlaceholderValidation -->
        <test-method is-config="true" signature="tearDown()[pri:0, instance:BinhStudy.SeleniumFramework.tests.TestScript2@12aba8be]" started-at="2023-03-29T20:40:30 ICT" name="tearDown" finished-at="2023-03-29T20:40:31 ICT" duration-ms="1149" status="PASS">
          <reporter-output>
          </reporter-output>
        </test-method> <!-- tearDown -->
      </class> <!-- BinhStudy.SeleniumFramework.tests.TestScript2 -->
    </test> <!-- Test -->
  </suite> <!-- Suite -->
</testng-results>
