<?xml version="1.0" encoding="UTF-8"?>
<!-- Generated by org.testng.reporters.JUnitXMLReporter -->
<testsuite ignored="0" hostname="DESKTOP-C4BDBLN" failures="0" tests="2" name="Test" time="44.315" errors="0" timestamp="2023-03-29T20:40:31 ICT">
  <testcase classname="BinhStudy.SeleniumFramework.tests.TestScript1" name="loginValidation" time="9.725"/>
  <testcase classname="BinhStudy.SeleniumFramework.tests.TestScript2" name="loginPlaceholderValidation" time="0.47"/>
</testsuite> <!-- Test -->
